0 info it worked if it ends with ok
1 verbose cli [ 'node',
1 verbose cli   '/Users/jrivera/.nvm/v0.10.32/bin/npm',
1 verbose cli   'i',
1 verbose cli   '--save-dev',
1 verbose cli   'grunt-contrib-browserify' ]
2 info using npm@1.4.28
3 info using node@v0.10.32
4 warn package.json mux.js@1.0.0 No repository field.
5 warn package.json mux.js@1.0.0 No README data
6 verbose readDependencies using package.json deps
7 verbose cache add [ 'grunt-contrib-browserify', null ]
8 verbose cache add name=undefined spec="grunt-contrib-browserify" args=["grunt-contrib-browserify",null]
9 verbose parsed url { protocol: null,
9 verbose parsed url   slashes: null,
9 verbose parsed url   auth: null,
9 verbose parsed url   host: null,
9 verbose parsed url   port: null,
9 verbose parsed url   hostname: null,
9 verbose parsed url   hash: null,
9 verbose parsed url   search: null,
9 verbose parsed url   query: null,
9 verbose parsed url   pathname: 'grunt-contrib-browserify',
9 verbose parsed url   path: 'grunt-contrib-browserify',
9 verbose parsed url   href: 'grunt-contrib-browserify' }
10 silly lockFile 3f4adaf6-grunt-contrib-browserify grunt-contrib-browserify
11 verbose lock grunt-contrib-browserify /Users/jrivera/.npm/3f4adaf6-grunt-contrib-browserify.lock
12 silly lockFile 3f4adaf6-grunt-contrib-browserify grunt-contrib-browserify
13 silly lockFile 3f4adaf6-grunt-contrib-browserify grunt-contrib-browserify
14 verbose addNamed [ 'grunt-contrib-browserify', '' ]
15 verbose addNamed [ null, '*' ]
16 silly lockFile c5b0ff15-grunt-contrib-browserify grunt-contrib-browserify@
17 verbose lock grunt-contrib-browserify@ /Users/jrivera/.npm/c5b0ff15-grunt-contrib-browserify.lock
18 silly addNameRange { name: 'grunt-contrib-browserify', range: '*', hasData: false }
19 verbose request where is /grunt-contrib-browserify
20 verbose request registry https://registry.npmjs.org/
21 verbose request id 859a63b9c43bc53a
22 verbose url raw /grunt-contrib-browserify
23 verbose url resolving [ 'https://registry.npmjs.org/', './grunt-contrib-browserify' ]
24 verbose url resolved https://registry.npmjs.org/grunt-contrib-browserify
25 verbose request where is https://registry.npmjs.org/grunt-contrib-browserify
26 info trying registry request attempt 1 at 14:38:08
27 http GET https://registry.npmjs.org/grunt-contrib-browserify
28 http 404 https://registry.npmjs.org/grunt-contrib-browserify
29 silly registry.get cb [ 404,
29 silly registry.get   { 'content-type': 'application/json',
29 silly registry.get     'cache-control': 'max-age=0',
29 silly registry.get     'content-length': '2',
29 silly registry.get     'accept-ranges': 'bytes',
29 silly registry.get     date: 'Thu, 20 Aug 2015 18:37:48 GMT',
29 silly registry.get     via: '1.1 varnish',
29 silly registry.get     age: '0',
29 silly registry.get     connection: 'keep-alive',
29 silly registry.get     'x-served-by': 'cache-atl6232-ATL',
29 silly registry.get     'x-cache': 'MISS',
29 silly registry.get     'x-cache-hits': '0',
29 silly registry.get     'x-timer': 'S1440095868.122167,VS0,VE30' } ]
30 silly lockFile c5b0ff15-grunt-contrib-browserify grunt-contrib-browserify@
31 silly lockFile c5b0ff15-grunt-contrib-browserify grunt-contrib-browserify@
32 error 404 Not Found
32 error 404
32 error 404 'grunt-contrib-browserify' is not in the npm registry.
32 error 404 You should bug the author to publish it
32 error 404 It was specified as a dependency of 'mux.js'
32 error 404
32 error 404 Note that you can also install from a
32 error 404 tarball, folder, or http url, or git url.
33 error System Darwin 13.4.0
34 error command "node" "/Users/jrivera/.nvm/v0.10.32/bin/npm" "i" "--save-dev" "grunt-contrib-browserify"
35 error cwd /Users/jrivera/projects/mux.js
36 error node -v v0.10.32
37 error npm -v 1.4.28
38 error code E404
39 verbose exit [ 1, true ]
